[INFO] Scanning for projects...
[INFO] 
[INFO] -------------------------< com.example:Medico >-------------------------
[INFO] Building Medico 0.0.1-SNAPSHOT
[INFO]   from pom.xml
[INFO] --------------------------------[ jar ]---------------------------------
[INFO] 
[INFO] >>> spring-boot:3.5.10:run (default-cli) > test-compile @ Medico >>>
[INFO] 
[INFO] --- resources:3.3.1:resources (default-resources) @ Medico ---
[INFO] Copying 2 resources from src/main/resources to target/classes
[INFO] Copying 1 resource from src/main/resources to target/classes
[INFO] 
[INFO] --- compiler:3.14.1:compile (default-compile) @ Medico ---
[INFO] Nothing to compile - all classes are up to date.
[INFO] 
[INFO] --- resources:3.3.1:testResources (default-testResources) @ Medico ---
[INFO] skip non existing resourceDirectory /home/gopal/Downloads/Medico/src/test/resources
[INFO] 
[INFO] --- compiler:3.14.1:testCompile (default-testCompile) @ Medico ---
[INFO] Nothing to compile - all classes are up to date.
[INFO] 
[INFO] <<< spring-boot:3.5.10:run (default-cli) < test-compile @ Medico <<<
[INFO] 
[INFO] 
[INFO] --- spring-boot:3.5.10:run (default-cli) @ Medico ---
[INFO] Attaching agents: []

  .   ____          _            __ _ _
 /\\ / ___'_ __ _ _(_)_ __  __ _ \ \ \ \
( ( )\___ | '_ | '_| | '_ \/ _` | \ \ \ \
 \\/  ___)| |_)| | | | | || (_| |  ) ) ) )
  '  |____| .__|_| |_|_| |_\__, | / / / /
 =========|_|==============|___/=/_/_/_/

 :: Spring Boot ::               (v3.5.10)

2026-02-22T22:45:34.224+05:30  INFO 901746 --- [           main] com.example.Medico.MedicoApplication     : Starting MedicoApplication using Java 17.0.18 with PID 901746 (/home/gopal/Downloads/Medico/target/classes started by gopal in /home/gopal/Downloads/Medico)
2026-02-22T22:45:34.225+05:30  INFO 901746 --- [           main] com.example.Medico.MedicoApplication     : No active profile set, falling back to 1 default profile: "default"
2026-02-22T22:45:34.553+05:30  INFO 901746 --- [           main] .s.d.r.c.RepositoryConfigurationDelegate : Bootstrapping Spring Data JPA repositories in DEFAULT mode.
2026-02-22T22:45:34.587+05:30  INFO 901746 --- [           main] .s.d.r.c.RepositoryConfigurationDelegate : Finished Spring Data repository scanning in 30 ms. Found 6 JPA repository interfaces.
2026-02-22T22:45:34.856+05:30  INFO 901746 --- [           main] o.s.b.w.embedded.tomcat.TomcatWebServer  : Tomcat initialized with port 8080 (http)
2026-02-22T22:45:34.863+05:30  INFO 901746 --- [           main] o.apache.catalina.core.StandardService   : Starting service [Tomcat]
2026-02-22T22:45:34.864+05:30  INFO 901746 --- [           main] o.apache.catalina.core.StandardEngine    : Starting Servlet engine: [Apache Tomcat/10.1.50]
2026-02-22T22:45:34.884+05:30  INFO 901746 --- [           main] o.a.c.c.C.[Tomcat].[localhost].[/]       : Initializing Spring embedded WebApplicationContext
2026-02-22T22:45:34.884+05:30  INFO 901746 --- [           main] w.s.c.ServletWebServerApplicationContext : Root WebApplicationContext: initialization completed in 637 ms
2026-02-22T22:45:34.956+05:30  INFO 901746 --- [           main] com.zaxxer.hikari.HikariDataSource       : HikariPool-1 - Starting...
2026-02-22T22:45:35.103+05:30  INFO 901746 --- [           main] com.zaxxer.hikari.pool.HikariPool        : HikariPool-1 - Added connection org.postgresql.jdbc.PgConnection@357c9bd9
2026-02-22T22:45:35.104+05:30  INFO 901746 --- [           main] com.zaxxer.hikari.HikariDataSource       : HikariPool-1 - Start completed.
2026-02-22T22:45:35.139+05:30  INFO 901746 --- [           main] o.hibernate.jpa.internal.util.LogHelper  : HHH000204: Processing PersistenceUnitInfo [name: default]
2026-02-22T22:45:35.158+05:30  INFO 901746 --- [           main] org.hibernate.Version                    : HHH000412: Hibernate ORM core version 6.6.41.Final
2026-02-22T22:45:35.172+05:30  INFO 901746 --- [           main] o.h.c.internal.RegionFactoryInitiator    : HHH000026: Second-level cache disabled
2026-02-22T22:45:35.274+05:30  INFO 901746 --- [           main] o.s.o.j.p.SpringPersistenceUnitInfo      : No LoadTimeWeaver setup: ignoring JPA class transformer
2026-02-22T22:45:35.312+05:30  INFO 901746 --- [           main] org.hibernate.orm.connections.pooling    : HHH10001005: Database info:
	Database JDBC URL [Connecting through datasource 'HikariDataSource (HikariPool-1)']
	Database driver: undefined/unknown
	Database version: 16.11
	Autocommit mode: undefined/unknown
	Isolation level: undefined/unknown
	Minimum pool size: undefined/unknown
	Maximum pool size: undefined/unknown
2026-02-22T22:45:35.744+05:30  INFO 901746 --- [           main] o.h.e.t.j.p.i.JtaPlatformInitiator       : HHH000489: No JTA platform available (set 'hibernate.transaction.jta.platform' to enable JTA platform integration)
2026-02-22T22:45:35.770+05:30  INFO 901746 --- [           main] j.LocalContainerEntityManagerFactoryBean : Initialized JPA EntityManagerFactory for persistence unit 'default'
2026-02-22T22:45:35.908+05:30  INFO 901746 --- [           main] o.s.d.j.r.query.QueryEnhancerFactory     : Hibernate is in classpath; If applicable, HQL parser will be used.
2026-02-22T22:45:36.186+05:30  WARN 901746 --- [           main] JpaBaseConfiguration$JpaWebConfiguration : spring.jpa.open-in-view is enabled by default. Therefore, database queries may be performed during view rendering. Explicitly configure spring.jpa.open-in-view to disable this warning
2026-02-22T22:45:36.204+05:30  WARN 901746 --- [           main] .s.s.UserDetailsServiceAutoConfiguration : 

Using generated security password: 3e43143c-520e-4f06-ad13-a7fbba9a953d

This generated password is for development use only. Your security configuration must be updated before running your application in production.

2026-02-22T22:45:36.208+05:30  INFO 901746 --- [           main] r$InitializeUserDetailsManagerConfigurer : Global AuthenticationManager configured with UserDetailsService bean with name inMemoryUserDetailsManager
2026-02-22T22:45:36.496+05:30  INFO 901746 --- [           main] o.s.b.w.embedded.tomcat.TomcatWebServer  : Tomcat started on port 8080 (http) with context path '/'
2026-02-22T22:45:36.501+05:30  INFO 901746 --- [           main] com.example.Medico.MedicoApplication     : Started MedicoApplication in 2.457 seconds (process running for 2.598)
⏳ Checking PostgreSQL Database...
✅ Database already populated!
   - Users: 19
   - Doctors: 7
   - Patients: 15
   - Medicines: 10

📚 PostgreSQL Database is ready for production use!
2026-02-22T22:47:35.645+05:30  INFO 901746 --- [nio-8080-exec-3] o.a.c.c.C.[Tomcat].[localhost].[/]       : Initializing Spring DispatcherServlet 'dispatcherServlet'
2026-02-22T22:47:35.645+05:30  INFO 901746 --- [nio-8080-exec-3] o.s.web.servlet.DispatcherServlet        : Initializing Servlet 'dispatcherServlet'
2026-02-22T22:47:35.646+05:30  INFO 901746 --- [nio-8080-exec-3] o.s.web.servlet.DispatcherServlet        : Completed initialization in 1 ms
2026-02-22T22:47:35.711+05:30  INFO 901746 --- [nio-8080-exec-3] c.e.Medico.config.RequestLoggingFilter   : [REQ] GET /api/doctor/patient/1 (thread=http-nio-8080-exec-3)
2026-02-22T22:47:35.711+05:30  INFO 901746 --- [nio-8080-exec-1] c.e.Medico.config.RequestLoggingFilter   : [REQ] GET /api/doctor/prescriptions/patient/1 (thread=http-nio-8080-exec-1)
2026-02-22T22:47:35.762+05:30  INFO 901746 --- [nio-8080-exec-3] c.e.Medico.config.RequestLoggingFilter   : [RES] GET /api/doctor/patient/1 -> 200 (51 ms)
2026-02-22T22:47:35.808+05:30  INFO 901746 --- [nio-8080-exec-1] c.e.Medico.config.RequestLoggingFilter   : [RES] GET /api/doctor/prescriptions/patient/1 -> 200 (97 ms)
2026-02-22T22:47:56.034+05:30  INFO 901746 --- [nio-8080-exec-2] c.e.Medico.config.RequestLoggingFilter   : [REQ] GET /api/doctor/patient/2 (thread=http-nio-8080-exec-2)
2026-02-22T22:47:56.034+05:30  INFO 901746 --- [nio-8080-exec-4] c.e.Medico.config.RequestLoggingFilter   : [REQ] GET /api/doctor/prescriptions/patient/2 (thread=http-nio-8080-exec-4)
2026-02-22T22:47:56.039+05:30  INFO 901746 --- [nio-8080-exec-2] c.e.Medico.config.RequestLoggingFilter   : [RES] GET /api/doctor/patient/2 -> 200 (5 ms)
2026-02-22T22:47:56.044+05:30  INFO 901746 --- [nio-8080-exec-4] c.e.Medico.config.RequestLoggingFilter   : [RES] GET /api/doctor/prescriptions/patient/2 -> 200 (10 ms)
2026-02-22T23:08:17.421+05:30  INFO 901746 --- [nio-8080-exec-5] c.e.Medico.config.RequestLoggingFilter   : [REQ] GET /api/doctor/prescriptions/patient/4 (thread=http-nio-8080-exec-5)
2026-02-22T23:08:17.421+05:30  INFO 901746 --- [nio-8080-exec-6] c.e.Medico.config.RequestLoggingFilter   : [REQ] GET /api/doctor/patient/4 (thread=http-nio-8080-exec-6)
2026-02-22T23:08:17.427+05:30  INFO 901746 --- [nio-8080-exec-6] c.e.Medico.config.RequestLoggingFilter   : [RES] GET /api/doctor/patient/4 -> 200 (6 ms)
2026-02-22T23:08:17.427+05:30  INFO 901746 --- [nio-8080-exec-5] c.e.Medico.config.RequestLoggingFilter   : [RES] GET /api/doctor/prescriptions/patient/4 -> 200 (6 ms)
2026-02-22T23:09:06.693+05:30  INFO 901746 --- [nio-8080-exec-8] c.e.Medico.config.RequestLoggingFilter   : [REQ] POST /api/auth/login (thread=http-nio-8080-exec-8)
2026-02-22T23:09:06.718+05:30  INFO 901746 --- [nio-8080-exec-8] c.e.Medico.config.RequestLoggingFilter   : [RES] POST /api/auth/login -> 401 (25 ms)
2026-02-22T23:09:11.675+05:30  INFO 901746 --- [nio-8080-exec-7] c.e.Medico.config.RequestLoggingFilter   : [REQ] POST /api/auth/login (thread=http-nio-8080-exec-7)
2026-02-22T23:09:11.761+05:30  INFO 901746 --- [nio-8080-exec-7] c.e.Medico.config.RequestLoggingFilter   : [RES] POST /api/auth/login -> 200 (86 ms)
2026-02-22T23:09:11.805+05:30  INFO 901746 --- [nio-8080-exec-3] c.e.Medico.config.RequestLoggingFilter   : [REQ] GET /api/doctor/medicines (thread=http-nio-8080-exec-3)
2026-02-22T23:09:11.805+05:30  INFO 901746 --- [nio-8080-exec-9] c.e.Medico.config.RequestLoggingFilter   : [REQ] GET /api/doctor/profile (thread=http-nio-8080-exec-9)
2026-02-22T23:09:11.806+05:30  INFO 901746 --- [io-8080-exec-10] c.e.Medico.config.RequestLoggingFilter   : [REQ] GET /api/doctors (thread=http-nio-8080-exec-10)
2026-02-22T23:09:11.813+05:30  INFO 901746 --- [nio-8080-exec-3] c.e.Medico.config.RequestLoggingFilter   : [RES] GET /api/doctor/medicines -> 200 (8 ms)
2026-02-22T23:09:11.815+05:30  INFO 901746 --- [io-8080-exec-10] c.e.Medico.config.RequestLoggingFilter   : [RES] GET /api/doctors -> 200 (9 ms)
2026-02-22T23:09:11.823+05:30  INFO 901746 --- [nio-8080-exec-1] c.e.Medico.config.RequestLoggingFilter   : [REQ] GET /api/doctor/medicines (thread=http-nio-8080-exec-1)
2026-02-22T23:09:11.824+05:30  INFO 901746 --- [nio-8080-exec-2] c.e.Medico.config.RequestLoggingFilter   : [REQ] GET /api/doctors (thread=http-nio-8080-exec-2)
2026-02-22T23:09:11.825+05:30  INFO 901746 --- [nio-8080-exec-9] c.e.Medico.config.RequestLoggingFilter   : [RES] GET /api/doctor/profile -> 200 (20 ms)
2026-02-22T23:09:11.832+05:30  INFO 901746 --- [nio-8080-exec-2] c.e.Medico.config.RequestLoggingFilter   : [RES] GET /api/doctors -> 200 (8 ms)
2026-02-22T23:09:11.835+05:30  INFO 901746 --- [nio-8080-exec-1] c.e.Medico.config.RequestLoggingFilter   : [RES] GET /api/doctor/medicines -> 200 (13 ms)
2026-02-22T23:09:11.835+05:30  INFO 901746 --- [nio-8080-exec-4] c.e.Medico.config.RequestLoggingFilter   : [REQ] GET /api/doctor/profile (thread=http-nio-8080-exec-4)
2026-02-22T23:09:11.837+05:30  INFO 901746 --- [nio-8080-exec-5] c.e.Medico.config.RequestLoggingFilter   : [REQ] GET /api/appointments (thread=http-nio-8080-exec-5)
2026-02-22T23:09:11.844+05:30  INFO 901746 --- [nio-8080-exec-4] c.e.Medico.config.RequestLoggingFilter   : [RES] GET /api/doctor/profile -> 200 (9 ms)
2026-02-22T23:09:11.858+05:30  INFO 901746 --- [nio-8080-exec-5] c.e.Medico.config.RequestLoggingFilter   : [RES] GET /api/appointments -> 200 (21 ms)
2026-02-22T23:09:11.863+05:30  INFO 901746 --- [nio-8080-exec-6] c.e.Medico.config.RequestLoggingFilter   : [REQ] GET /api/appointments (thread=http-nio-8080-exec-6)
2026-02-22T23:09:11.877+05:30  INFO 901746 --- [nio-8080-exec-6] c.e.Medico.config.RequestLoggingFilter   : [RES] GET /api/appointments -> 200 (14 ms)
2026-02-22T23:09:22.343+05:30  INFO 901746 --- [nio-8080-exec-7] c.e.Medico.config.RequestLoggingFilter   : [REQ] GET /api/doctor/prescriptions/patient/5 (thread=http-nio-8080-exec-7)
2026-02-22T23:09:22.345+05:30  INFO 901746 --- [nio-8080-exec-8] c.e.Medico.config.RequestLoggingFilter   : [REQ] GET /api/doctor/patient/5 (thread=http-nio-8080-exec-8)
2026-02-22T23:09:22.348+05:30  INFO 901746 --- [nio-8080-exec-8] c.e.Medico.config.RequestLoggingFilter   : [RES] GET /api/doctor/patient/5 -> 200 (3 ms)
2026-02-22T23:09:22.351+05:30  INFO 901746 --- [nio-8080-exec-7] c.e.Medico.config.RequestLoggingFilter   : [RES] GET /api/doctor/prescriptions/patient/5 -> 200 (8 ms)
2026-02-22T23:17:58.364+05:30  INFO 901746 --- [nio-8080-exec-9] c.e.Medico.config.RequestLoggingFilter   : [REQ] GET /api/doctors (thread=http-nio-8080-exec-9)
2026-02-22T23:17:58.364+05:30  INFO 901746 --- [nio-8080-exec-3] c.e.Medico.config.RequestLoggingFilter   : [REQ] GET /api/doctor/profile (thread=http-nio-8080-exec-3)
2026-02-22T23:17:58.365+05:30  INFO 901746 --- [io-8080-exec-10] c.e.Medico.config.RequestLoggingFilter   : [REQ] GET /api/doctor/medicines (thread=http-nio-8080-exec-10)
2026-02-22T23:17:58.370+05:30  INFO 901746 --- [nio-8080-exec-9] c.e.Medico.config.RequestLoggingFilter   : [RES] GET /api/doctors -> 200 (6 ms)
2026-02-22T23:17:58.370+05:30  INFO 901746 --- [io-8080-exec-10] c.e.Medico.config.RequestLoggingFilter   : [RES] GET /api/doctor/medicines -> 200 (5 ms)
2026-02-22T23:17:58.372+05:30  INFO 901746 --- [nio-8080-exec-3] c.e.Medico.config.RequestLoggingFilter   : [RES] GET /api/doctor/profile -> 200 (8 ms)
2026-02-22T23:17:58.380+05:30  INFO 901746 --- [nio-8080-exec-2] c.e.Medico.config.RequestLoggingFilter   : [REQ] GET /api/doctor/medicines (thread=http-nio-8080-exec-2)
2026-02-22T23:17:58.381+05:30  INFO 901746 --- [nio-8080-exec-1] c.e.Medico.config.RequestLoggingFilter   : [REQ] GET /api/doctors (thread=http-nio-8080-exec-1)
2026-02-22T23:17:58.381+05:30  INFO 901746 --- [nio-8080-exec-4] c.e.Medico.config.RequestLoggingFilter   : [REQ] GET /api/doctor/profile (thread=http-nio-8080-exec-4)
2026-02-22T23:17:58.385+05:30  INFO 901746 --- [nio-8080-exec-1] c.e.Medico.config.RequestLoggingFilter   : [RES] GET /api/doctors -> 200 (4 ms)
2026-02-22T23:17:58.386+05:30  INFO 901746 --- [nio-8080-exec-2] c.e.Medico.config.RequestLoggingFilter   : [RES] GET /api/doctor/medicines -> 200 (6 ms)
2026-02-22T23:17:58.386+05:30  INFO 901746 --- [nio-8080-exec-4] c.e.Medico.config.RequestLoggingFilter   : [RES] GET /api/doctor/profile -> 200 (5 ms)
2026-02-22T23:19:57.990+05:30  INFO 901746 --- [nio-8080-exec-5] c.e.Medico.config.RequestLoggingFilter   : [REQ] GET / (thread=http-nio-8080-exec-5)
2026-02-22T23:19:57.994+05:30  INFO 901746 --- [nio-8080-exec-5] c.e.Medico.config.RequestLoggingFilter   : [RES] GET / -> 200 (4 ms)
2026-02-22T23:20:00.770+05:30  INFO 901746 --- [nio-8080-exec-8] c.e.Medico.config.RequestLoggingFilter   : [REQ] GET /api/doctor/medicines (thread=http-nio-8080-exec-8)
2026-02-22T23:20:00.779+05:30  INFO 901746 --- [nio-8080-exec-8] c.e.Medico.config.RequestLoggingFilter   : [RES] GET /api/doctor/medicines -> 200 (9 ms)
2026-02-22T23:20:02.188+05:30  INFO 901746 --- [nio-8080-exec-9] c.e.Medico.config.RequestLoggingFilter   : [REQ] GET / (thread=http-nio-8080-exec-9)
2026-02-22T23:20:02.190+05:30  INFO 901746 --- [nio-8080-exec-9] c.e.Medico.config.RequestLoggingFilter   : [RES] GET / -> 200 (2 ms)
2026-02-22T23:20:04.645+05:30  INFO 901746 --- [nio-8080-exec-1] c.e.Medico.config.RequestLoggingFilter   : [REQ] GET / (thread=http-nio-8080-exec-1)
2026-02-22T23:20:04.647+05:30  INFO 901746 --- [nio-8080-exec-1] c.e.Medico.config.RequestLoggingFilter   : [RES] GET / -> 200 (2 ms)
2026-02-22T23:21:22.716+05:30  INFO 901746 --- [nio-8080-exec-8] c.e.Medico.config.RequestLoggingFilter   : [REQ] GET / (thread=http-nio-8080-exec-8)
2026-02-22T23:21:22.719+05:30  INFO 901746 --- [nio-8080-exec-8] c.e.Medico.config.RequestLoggingFilter   : [RES] GET / -> 200 (3 ms)
2026-02-22T23:21:23.500+05:30  INFO 901746 --- [nio-8080-exec-9] c.e.Medico.config.RequestLoggingFilter   : [REQ] GET / (thread=http-nio-8080-exec-9)
2026-02-22T23:21:23.501+05:30  INFO 901746 --- [nio-8080-exec-9] c.e.Medico.config.RequestLoggingFilter   : [RES] GET / -> 200 (1 ms)
2026-02-22T23:21:23.953+05:30  INFO 901746 --- [nio-8080-exec-3] c.e.Medico.config.RequestLoggingFilter   : [REQ] GET / (thread=http-nio-8080-exec-3)
2026-02-22T23:21:23.955+05:30  INFO 901746 --- [nio-8080-exec-3] c.e.Medico.config.RequestLoggingFilter   : [RES] GET / -> 200 (2 ms)
2026-02-22T23:21:24.184+05:30  INFO 901746 --- [nio-8080-exec-1] c.e.Medico.config.RequestLoggingFilter   : [REQ] GET / (thread=http-nio-8080-exec-1)
2026-02-22T23:21:24.186+05:30  INFO 901746 --- [nio-8080-exec-1] c.e.Medico.config.RequestLoggingFilter   : [RES] GET / -> 200 (2 ms)
2026-02-22T23:21:24.333+05:30  INFO 901746 --- [nio-8080-exec-5] c.e.Medico.config.RequestLoggingFilter   : [REQ] GET / (thread=http-nio-8080-exec-5)
2026-02-22T23:21:24.335+05:30  INFO 901746 --- [nio-8080-exec-5] c.e.Medico.config.RequestLoggingFilter   : [RES] GET / -> 200 (2 ms)
2026-02-22T23:21:24.499+05:30  INFO 901746 --- [nio-8080-exec-8] c.e.Medico.config.RequestLoggingFilter   : [REQ] GET / (thread=http-nio-8080-exec-8)
2026-02-22T23:21:24.500+05:30  INFO 901746 --- [nio-8080-exec-8] c.e.Medico.config.RequestLoggingFilter   : [RES] GET / -> 200 (1 ms)
2026-02-22T23:21:24.679+05:30  INFO 901746 --- [nio-8080-exec-9] c.e.Medico.config.RequestLoggingFilter   : [REQ] GET / (thread=http-nio-8080-exec-9)
2026-02-22T23:21:24.680+05:30  INFO 901746 --- [nio-8080-exec-9] c.e.Medico.config.RequestLoggingFilter   : [RES] GET / -> 200 (1 ms)
2026-02-22T23:21:25.659+05:30  INFO 901746 --- [nio-8080-exec-3] c.e.Medico.config.RequestLoggingFilter   : [REQ] GET /api/doctor/medicines (thread=http-nio-8080-exec-3)
2026-02-22T23:21:25.665+05:30  INFO 901746 --- [nio-8080-exec-3] c.e.Medico.config.RequestLoggingFilter   : [RES] GET /api/doctor/medicines -> 200 (6 ms)
2026-02-22T23:21:27.041+05:30  INFO 901746 --- [nio-8080-exec-1] c.e.Medico.config.RequestLoggingFilter   : [REQ] GET / (thread=http-nio-8080-exec-1)
2026-02-22T23:21:27.042+05:30  INFO 901746 --- [nio-8080-exec-1] c.e.Medico.config.RequestLoggingFilter   : [RES] GET / -> 200 (1 ms)
[INFO] ------------------------------------------------------------------------
[INFO] BUILD FAILURE
[INFO] ------------------------------------------------------------------------
[INFO] Total time:  37:10 min
[INFO] Finished at: 2026-02-22T23:22:43+05:30
[INFO] ------------------------------------------------------------------------
[ERROR] Failed to execute goal org.springframework.boot:spring-boot-maven-plugin:3.5.10:run (default-cli) on project Medico: Process terminated with exit code: 137 -> [Help 1]
[ERROR] 
[ERROR] To see the full stack trace of the errors, re-run Maven with the -e switch.
[ERROR] Re-run Maven using the -X switch to enable full debug logging.
[ERROR] 
[ERROR] For more information about the errors and possible solutions, please read the following articles:
[ERROR] [Help 1] http://cwiki.apache.org/confluence/display/MAVEN/MojoExecutionException
